#
# There is insufficient memory for the Java Runtime Environment to continue.
# Native memory allocation (malloc) failed to allocate 2144224 bytes for Chunk::new
# Possible reasons:
#   The system is out of physical RAM or swap space
#   The process is running with CompressedOops enabled, and the Java Heap may be blocking the growth of the native heap
# Possible solutions:
#   Reduce memory load on the system
#   Increase physical memory or swap space
#   Check if swap backing store is full
#   Decrease Java heap size (-Xmx/-Xms)
#   Decrease number of Java threads
#   Decrease Java thread stack sizes (-Xss)
#   Set larger code cache with -XX:ReservedCodeCacheSize=
#   JVM is running with Unscaled Compressed Oops mode in which the Java heap is
#     placed in the first 4GB address space. The Java Heap base address is the
#     maximum limit for the native heap growth. Please use -XX:HeapBaseMinAddress
#     to set the Java Heap base and to place the Java Heap above 4GB virtual address.
# This output file may be truncated or incomplete.
#
#  Out of Memory Error (arena.cpp:191), pid=17684, tid=18460
#
# JRE version: OpenJDK Runtime Environment (17.0.9) (build 17.0.9+0--11185874)
# Java VM: OpenJDK 64-Bit Server VM (17.0.9+0--11185874, mixed mode, tiered, compressed oops, compressed class ptrs, g1 gc, windows-amd64)
# No core dump will be written. Minidumps are not enabled by default on client versions of Windows
#

---------------  S U M M A R Y ------------

Command Line: --add-opens=java.base/java.util=ALL-UNNAMED --add-opens=java.base/java.lang=ALL-UNNAMED --add-opens=java.base/java.lang.invoke=ALL-UNNAMED --add-opens=java.prefs/java.util.prefs=ALL-UNNAMED --add-opens=java.base/java.nio.charset=ALL-UNNAMED --add-opens=java.base/java.net=ALL-UNNAMED --add-opens=java.base/java.util.concurrent.atomic=ALL-UNNAMED -Xmx2048m -Dfile.encoding=UTF-8 -Duser.country=US -Duser.language=en -Duser.variant -javaagent:C:\Users\HP\.gradle\wrapper\dists\gradle-8.6-bin\afr5mpiioh2wthjmwnkmdsd5w\gradle-8.6\lib\agents\gradle-instrumentation-agent-8.6.jar org.gradle.launcher.daemon.bootstrap.GradleDaemon 8.6

Host: Intel(R) Core(TM) i5-10210U CPU @ 1.60GHz, 8 cores, 7G,  Windows 11 , 64 bit Build 22621 (10.0.22621.3527)
Time: Mon Jun  3 14:32:49 2024 SE Asia Standard Time elapsed time: 8.934500 seconds (0d 0h 0m 8s)

---------------  T H R E A D  ---------------

Current thread (0x000002e2eaaf51d0):  JavaThread "C2 CompilerThread0" daemon [_thread_in_native, id=18460, stack(0x000000ebb9e00000,0x000000ebb9f00000)]


Current CompileTask:
C2:   8934 3608   !   4       java.lang.ClassLoader::loadClass (121 bytes)

Stack: [0x000000ebb9e00000,0x000000ebb9f00000]
Native frames: (J=compiled Java code, j=interpreted, Vv=VM code, C=native code)
V  [jvm.dll+0x6886e9]
V  [jvm.dll+0x841e4a]
V  [jvm.dll+0x843a8e]
V  [jvm.dll+0x8440f3]
V  [jvm.dll+0x24c14f]
V  [jvm.dll+0xac44c]
V  [jvm.dll+0xaca9c]
V  [jvm.dll+0x36c1f7]
V  [jvm.dll+0x33651a]
V  [jvm.dll+0x3359ba]
V  [jvm.dll+0x21ddb1]
V  [jvm.dll+0x21d1d1]
V  [jvm.dll+0x1a674d]
V  [jvm.dll+0x22d088]
V  [jvm.dll+0x22b1c0]
V  [jvm.dll+0x7f62f7]
V  [jvm.dll+0x7f06aa]
V  [jvm.dll+0x687565]
C  [ucrtbase.dll+0x29333]
C  [KERNEL32.DLL+0x1257d]
C  [ntdll.dll+0x5aa48]


---------------  P R O C E S S  ---------------

Threads class SMR info:
_java_thread_list=0x000002e2f08317d0, length=40, elements={
0x000002e2d0adfa40, 0x000002e2eaaa6040, 0x000002e2eaaa6cd0, 0x000002e2eaaec290,
0x000002e2eaaedc70, 0x000002e2eaaee740, 0x000002e2eaaf1020, 0x000002e2eaaf51d0,
0x000002e2eab10370, 0x000002e2eab1ac80, 0x000002e2eac5e020, 0x000002e2eadb2cf0,
0x000002e2eff55e90, 0x000002e2eff55950, 0x000002e2f09d13d0, 0x000002e2f070b050,
0x000002e2f0779870, 0x000002e2f064e510, 0x000002e2f0801480, 0x000002e2f0375eb0,
0x000002e2f0376de0, 0x000002e2f03763c0, 0x000002e2f03772f0, 0x000002e2f0374a70,
0x000002e2f03759a0, 0x000002e2f0374f80, 0x000002e2f0377800, 0x000002e2f0377d10,
0x000002e2f0374560, 0x000002e2f0375490, 0x000002e2f0c42f90, 0x000002e2f0c485a0,
0x000002e2f0c42570, 0x000002e2f0c42a80, 0x000002e2f0c46c50, 0x000002e2f0c443d0,
0x000002e2f0c45d20, 0x000002e2f0c45300, 0x000002e2f0c42060, 0x000002e2f0c46230
}

Java Threads: ( => current thread )
  0x000002e2d0adfa40 JavaThread "main" [_thread_blocked, id=16992, stack(0x000000ebb9100000,0x000000ebb9200000)]
  0x000002e2eaaa6040 JavaThread "Reference Handler" daemon [_thread_blocked, id=3040, stack(0x000000ebb9800000,0x000000ebb9900000)]
  0x000002e2eaaa6cd0 JavaThread "Finalizer" daemon [_thread_blocked, id=12064, stack(0x000000ebb9900000,0x000000ebb9a00000)]
  0x000002e2eaaec290 JavaThread "Signal Dispatcher" daemon [_thread_blocked, id=8216, stack(0x000000ebb9a00000,0x000000ebb9b00000)]
  0x000002e2eaaedc70 JavaThread "Attach Listener" daemon [_thread_blocked, id=2940, stack(0x000000ebb9b00000,0x000000ebb9c00000)]
  0x000002e2eaaee740 JavaThread "Service Thread" daemon [_thread_blocked, id=5040, stack(0x000000ebb9c00000,0x000000ebb9d00000)]
  0x000002e2eaaf1020 JavaThread "Monitor Deflation Thread" daemon [_thread_blocked, id=8948, stack(0x000000ebb9d00000,0x000000ebb9e00000)]
=>0x000002e2eaaf51d0 JavaThread "C2 CompilerThread0" daemon [_thread_in_native, id=18460, stack(0x000000ebb9e00000,0x000000ebb9f00000)]
  0x000002e2eab10370 JavaThread "C1 CompilerThread0" daemon [_thread_blocked, id=9444, stack(0x000000ebb9f00000,0x000000ebba000000)]
  0x000002e2eab1ac80 JavaThread "Sweeper thread" daemon [_thread_blocked, id=13812, stack(0x000000ebba000000,0x000000ebba100000)]
  0x000002e2eac5e020 JavaThread "Common-Cleaner" daemon [_thread_blocked, id=14596, stack(0x000000ebba100000,0x000000ebba200000)]
  0x000002e2eadb2cf0 JavaThread "Notification Thread" daemon [_thread_blocked, id=2112, stack(0x000000ebba200000,0x000000ebba300000)]
  0x000002e2eff55e90 JavaThread "Daemon health stats" [_thread_blocked, id=9692, stack(0x000000ebba900000,0x000000ebbaa00000)]
  0x000002e2eff55950 JavaThread "Incoming local TCP Connector on port 58045" [_thread_in_native, id=18228, stack(0x000000ebba800000,0x000000ebba900000)]
  0x000002e2f09d13d0 JavaThread "Daemon periodic checks" [_thread_blocked, id=19412, stack(0x000000ebbaa00000,0x000000ebbab00000)]
  0x000002e2f070b050 JavaThread "Daemon" [_thread_blocked, id=17188, stack(0x000000ebbab00000,0x000000ebbac00000)]
  0x000002e2f0779870 JavaThread "Handler for socket connection from /127.0.0.1:58045 to /127.0.0.1:58046" [_thread_in_native, id=13760, stack(0x000000ebbac00000,0x000000ebbad00000)]
  0x000002e2f064e510 JavaThread "Cancel handler" [_thread_blocked, id=18024, stack(0x000000ebbae00000,0x000000ebbaf00000)]
  0x000002e2f0801480 JavaThread "Daemon worker" [_thread_in_vm, id=15392, stack(0x000000ebbaf00000,0x000000ebbb000000)]
  0x000002e2f0375eb0 JavaThread "Asynchronous log dispatcher for DefaultDaemonConnection: socket connection from /127.0.0.1:58045 to /127.0.0.1:58046" [_thread_blocked, id=9508, stack(0x000000ebbb000000,0x000000ebbb100000)]
  0x000002e2f0376de0 JavaThread "Stdin handler" [_thread_blocked, id=7200, stack(0x000000ebbb100000,0x000000ebbb200000)]
  0x000002e2f03763c0 JavaThread "Daemon client event forwarder" [_thread_blocked, id=8396, stack(0x000000ebbb200000,0x000000ebbb300000)]
  0x000002e2f03772f0 JavaThread "Cache worker for journal cache (C:\Users\HP\.gradle\caches\journal-1)" [_thread_blocked, id=68, stack(0x000000ebbb700000,0x000000ebbb800000)]
  0x000002e2f0374a70 JavaThread "File lock request listener" [_thread_in_native, id=1036, stack(0x000000ebbb800000,0x000000ebbb900000)]
  0x000002e2f03759a0 JavaThread "Cache worker for file hash cache (C:\Users\HP\.gradle\caches\8.6\fileHashes)" [_thread_blocked, id=12904, stack(0x000000ebbad00000,0x000000ebbae00000)]
  0x000002e2f0374f80 JavaThread "File watcher server" daemon [_thread_in_native, id=10752, stack(0x000000ebbb900000,0x000000ebbba00000)]
  0x000002e2f0377800 JavaThread "File watcher consumer" daemon [_thread_blocked, id=11528, stack(0x000000ebbba00000,0x000000ebbbb00000)]
  0x000002e2f0377d10 JavaThread "jar transforms" [_thread_blocked, id=17036, stack(0x000000ebbbb00000,0x000000ebbbc00000)]
  0x000002e2f0374560 JavaThread "jar transforms Thread 2" [_thread_blocked, id=15916, stack(0x000000ebbbc00000,0x000000ebbbd00000)]
  0x000002e2f0375490 JavaThread "jar transforms Thread 3" [_thread_blocked, id=12664, stack(0x000000ebbbd00000,0x000000ebbbe00000)]
  0x000002e2f0c42f90 JavaThread "jar transforms Thread 4" [_thread_blocked, id=6668, stack(0x000000ebbbe00000,0x000000ebbbf00000)]
  0x000002e2f0c485a0 JavaThread "jar transforms Thread 5" [_thread_blocked, id=8068, stack(0x000000ebbbf00000,0x000000ebbc000000)]
  0x000002e2f0c42570 JavaThread "jar transforms Thread 6" [_thread_blocked, id=5920, stack(0x000000ebbc000000,0x000000ebbc100000)]
  0x000002e2f0c42a80 JavaThread "jar transforms Thread 7" [_thread_blocked, id=1564, stack(0x000000ebbc100000,0x000000ebbc200000)]
  0x000002e2f0c46c50 JavaThread "jar transforms Thread 8" [_thread_blocked, id=3264, stack(0x000000ebbc200000,0x000000ebbc300000)]
  0x000002e2f0c443d0 JavaThread "Cache worker for checksums cache (D:\Code\android\MovieApp\.gradle\8.6\checksums)" [_thread_blocked, id=11548, stack(0x000000ebbc300000,0x000000ebbc400000)]
  0x000002e2f0c45d20 JavaThread "Cache worker for file hash cache (D:\Code\android\MovieApp\.gradle\8.6\fileHashes)" [_thread_blocked, id=16372, stack(0x000000ebbc400000,0x000000ebbc500000)]
  0x000002e2f0c45300 JavaThread "Cache worker for cache directory md-supplier (C:\Users\HP\.gradle\caches\8.6\md-supplier)" [_thread_blocked, id=9728, stack(0x000000ebbc500000,0x000000ebbc600000)]
  0x000002e2f0c42060 JavaThread "Cache worker for cache directory md-rule (C:\Users\HP\.gradle\caches\8.6\md-rule)" [_thread_blocked, id=14564, stack(0x000000ebbc600000,0x000000ebbc700000)]
  0x000002e2f0c46230 JavaThread "Cache worker for file content cache (C:\Users\HP\.gradle\caches\8.6\fileContent)" [_thread_blocked, id=18972, stack(0x000000ebbc700000,0x000000ebbc800000)]

Other Threads:
  0x000002e2ea4eadf0 VMThread "VM Thread" [stack: 0x000000ebb9700000,0x000000ebb9800000] [id=8872]
  0x000002e2eadcc640 WatcherThread [stack: 0x000000ebba300000,0x000000ebba400000] [id=14984]
  0x000002e2d0b3a8f0 GCTaskThread "GC Thread#0" [stack: 0x000000ebb9200000,0x000000ebb9300000] [id=11504]
  0x000002e2ef6a5530 GCTaskThread "GC Thread#1" [stack: 0x000000ebba400000,0x000000ebba500000] [id=1312]
  0x000002e2ef7666b0 GCTaskThread "GC Thread#2" [stack: 0x000000ebba500000,0x000000ebba600000] [id=10720]
  0x000002e2ef685c20 GCTaskThread "GC Thread#3" [stack: 0x000000ebba600000,0x000000ebba700000] [id=7724]
  0x000002e2ef6fd240 GCTaskThread "GC Thread#4" [stack: 0x000000ebba700000,0x000000ebba800000] [id=13752]
  0x000002e2f0801d70 GCTaskThread "GC Thread#5" [stack: 0x000000ebbb300000,0x000000ebbb400000] [id=5660]
  0x000002e2f037c160 GCTaskThread "GC Thread#6" [stack: 0x000000ebbb400000,0x000000ebbb500000] [id=2412]
  0x000002e2efd68c50 GCTaskThread "GC Thread#7" [stack: 0x000000ebbb500000,0x000000ebbb600000] [id=12580]
  0x000002e2d0b4bef0 ConcurrentGCThread "G1 Main Marker" [stack: 0x000000ebb9300000,0x000000ebb9400000] [id=18344]
  0x000002e2d0b4c820 ConcurrentGCThread "G1 Conc#0" [stack: 0x000000ebb9400000,0x000000ebb9500000] [id=1216]
  0x000002e2f008da20 ConcurrentGCThread "G1 Conc#1" [stack: 0x000000ebbb600000,0x000000ebbb700000] [id=3240]
  0x000002e2ea395d60 ConcurrentGCThread "G1 Refine#0" [stack: 0x000000ebb9500000,0x000000ebb9600000] [id=13976]
  0x000002e2ea3965a0 ConcurrentGCThread "G1 Service" [stack: 0x000000ebb9600000,0x000000ebb9700000] [id=10788]

Threads with active compile tasks:
C2 CompilerThread0     8977 3608   !   4       java.lang.ClassLoader::loadClass (121 bytes)

VM state: not at safepoint (normal execution)

VM Mutex/Monitor currently owned by a thread: None

Heap address: 0x0000000080000000, size: 2048 MB, Compressed Oops mode: 32-bit

CDS archive(s) not mapped
Compressed class space mapped at: 0x0000000100000000-0x0000000140000000, reserved size: 1073741824
Narrow klass base: 0x0000000000000000, Narrow klass shift: 3, Narrow klass range: 0x140000000

GC Precious Log:
 CPUs: 8 total, 8 available
 Memory: 8014M
 Large Page Support: Disabled
 NUMA Support: Disabled
 Compressed Oops: Enabled (32-bit)
 Heap Region Size: 1M
 Heap Min Capacity: 8M
 Heap Initial Capacity: 126M
 Heap Max Capacity: 2G
 Pre-touch: Disabled
 Parallel Workers: 8
 Concurrent Workers: 2
 Concurrent Refinement Workers: 8
 Periodic GC: Disabled

Heap:
 garbage-first heap   total 78848K, used 51365K [0x0000000080000000, 0x0000000100000000)
  region size 1024K, 11 young (11264K), 2 survivors (2048K)
 Metaspace       used 42705K, committed 43072K, reserved 1114112K
  class space    used 5882K, committed 6080K, reserved 1048576K

Heap Regions: E=young(eden), S=young(survivor), O=old, HS=humongous(starts), HC=humongous(continues), CS=collection set, F=free, OA=open archive, CA=closed archive, TAMS=top-at-mark-start (previous, next)
|   0|0x0000000080000000, 0x0000000080100000, 0x0000000080100000|100%|HS|  |TAMS 0x0000000080100000, 0x0000000080000000| Complete 
|   1|0x0000000080100000, 0x0000000080200000, 0x0000000080200000|100%|HC|  |TAMS 0x0000000080200000, 0x0000000080100000| Complete 
|   2|0x0000000080200000, 0x0000000080300000, 0x0000000080300000|100%|HC|  |TAMS 0x0000000080300000, 0x0000000080200000| Complete 
|   3|0x0000000080300000, 0x0000000080400000, 0x0000000080400000|100%|HC|  |TAMS 0x0000000080400000, 0x0000000080300000| Complete 
|   4|0x0000000080400000, 0x0000000080500000, 0x0000000080500000|100%| O|  |TAMS 0x0000000080500000, 0x0000000080400000| Untracked 
|   5|0x0000000080500000, 0x0000000080600000, 0x0000000080600000|100%| O|  |TAMS 0x0000000080600000, 0x0000000080500000| Untracked 
|   6|0x0000000080600000, 0x0000000080700000, 0x0000000080700000|100%| O|  |TAMS 0x0000000080700000, 0x0000000080600000| Untracked 
|   7|0x0000000080700000, 0x0000000080800000, 0x0000000080800000|100%| O|  |TAMS 0x0000000080800000, 0x0000000080700000| Untracked 
|   8|0x0000000080800000, 0x0000000080900000, 0x0000000080900000|100%| O|  |TAMS 0x0000000080900000, 0x0000000080800000| Untracked 
|   9|0x0000000080900000, 0x0000000080a00000, 0x0000000080a00000|100%| O|  |TAMS 0x0000000080a00000, 0x0000000080900000| Untracked 
|  10|0x0000000080a00000, 0x0000000080b00000, 0x0000000080b00000|100%| O|  |TAMS 0x0000000080b00000, 0x0000000080a00000| Untracked 
|  11|0x0000000080b00000, 0x0000000080c00000, 0x0000000080c00000|100%| O|  |TAMS 0x0000000080c00000, 0x0000000080b00000| Untracked 
|  12|0x0000000080c00000, 0x0000000080d00000, 0x0000000080d00000|100%| O|  |TAMS 0x0000000080d00000, 0x0000000080c00000| Untracked 
|  13|0x0000000080d00000, 0x0000000080e00000, 0x0000000080e00000|100%| O|  |TAMS 0x0000000080e00000, 0x0000000080d00000| Untracked 
|  14|0x0000000080e00000, 0x0000000080f00000, 0x0000000080f00000|100%| O|  |TAMS 0x0000000080f00000, 0x0000000080e00000| Untracked 
|  15|0x0000000080f00000, 0x0000000081000000, 0x0000000081000000|100%| O|  |TAMS 0x0000000081000000, 0x0000000080f00000| Untracked 
|  16|0x0000000081000000, 0x0000000081100000, 0x0000000081100000|100%| O|  |TAMS 0x0000000081100000, 0x0000000081000000| Untracked 
|  17|0x0000000081100000, 0x0000000081200000, 0x0000000081200000|100%| O|  |TAMS 0x0000000081200000, 0x0000000081100000| Untracked 
|  18|0x0000000081200000, 0x0000000081300000, 0x0000000081300000|100%| O|  |TAMS 0x0000000081300000, 0x0000000081200000| Untracked 
|  19|0x0000000081300000, 0x0000000081400000, 0x0000000081400000|100%| O|  |TAMS 0x0000000081400000, 0x0000000081300000| Untracked 
|  20|0x0000000081400000, 0x0000000081500000, 0x0000000081500000|100%| O|  |TAMS 0x0000000081500000, 0x0000000081400000| Untracked 
|  21|0x0000000081500000, 0x0000000081600000, 0x0000000081600000|100%| O|  |TAMS 0x0000000081600000, 0x0000000081500000| Untracked 
|  22|0x0000000081600000, 0x0000000081700000, 0x0000000081700000|100%|HS|  |TAMS 0x0000000081700000, 0x0000000081600000| Complete 
|  23|0x0000000081700000, 0x0000000081800000, 0x0000000081800000|100%|HC|  |TAMS 0x0000000081800000, 0x0000000081700000| Complete 
|  24|0x0000000081800000, 0x0000000081900000, 0x0000000081900000|100%|HS|  |TAMS 0x0000000081900000, 0x0000000081800000| Complete 
|  25|0x0000000081900000, 0x0000000081a00000, 0x0000000081a00000|100%|HC|  |TAMS 0x0000000081a00000, 0x0000000081900000| Complete 
|  26|0x0000000081a00000, 0x0000000081b00000, 0x0000000081b00000|100%|HC|  |TAMS 0x0000000081b00000, 0x0000000081a00000| Complete 
|  27|0x0000000081b00000, 0x0000000081c00000, 0x0000000081c00000|100%|HS|  |TAMS 0x0000000081c00000, 0x0000000081b00000| Complete 
|  28|0x0000000081c00000, 0x0000000081d00000, 0x0000000081d00000|100%|HC|  |TAMS 0x0000000081d00000, 0x0000000081c00000| Complete 
|  29|0x0000000081d00000, 0x0000000081e00000, 0x0000000081e00000|100%|HC|  |TAMS 0x0000000081e00000, 0x0000000081d00000| Complete 
|  30|0x0000000081e00000, 0x0000000081f00000, 0x0000000081f00000|100%|HS|  |TAMS 0x0000000081f00000, 0x0000000081e00000| Complete 
|  31|0x0000000081f00000, 0x0000000082000000, 0x0000000082000000|100%|HC|  |TAMS 0x0000000082000000, 0x0000000081f00000| Complete 
|  32|0x0000000082000000, 0x0000000082100000, 0x0000000082100000|100%|HC|  |TAMS 0x0000000082100000, 0x0000000082000000| Complete 
|  33|0x0000000082100000, 0x0000000082200000, 0x0000000082200000|100%| O|  |TAMS 0x0000000082200000, 0x0000000082100000| Untracked 
|  34|0x0000000082200000, 0x0000000082300000, 0x0000000082300000|100%| O|  |TAMS 0x0000000082300000, 0x0000000082200000| Untracked 
|  35|0x0000000082300000, 0x0000000082400000, 0x0000000082400000|100%| O|  |TAMS 0x0000000082400000, 0x0000000082300000| Untracked 
|  36|0x0000000082400000, 0x0000000082500000, 0x0000000082500000|100%| O|  |TAMS 0x0000000082500000, 0x0000000082400000| Untracked 
|  37|0x0000000082500000, 0x0000000082600000, 0x0000000082600000|100%| O|  |TAMS 0x00000000825e7a00, 0x0000000082500000| Untracked 
|  38|0x0000000082600000, 0x0000000082700000, 0x0000000082700000|100%| O|  |TAMS 0x0000000082600000, 0x0000000082600000| Untracked 
|  39|0x0000000082700000, 0x0000000082800000, 0x0000000082800000|100%| O|  |TAMS 0x0000000082700000, 0x0000000082700000| Untracked 
|  40|0x0000000082800000, 0x00000000828b1200, 0x0000000082900000| 69%| O|  |TAMS 0x0000000082800000, 0x0000000082800000| Untracked 
|  41|0x0000000082900000, 0x0000000082900000, 0x0000000082a00000|  0%| F|  |TAMS 0x0000000082900000, 0x0000000082900000| Untracked 
|  42|0x0000000082a00000, 0x0000000082a00000, 0x0000000082b00000|  0%| F|  |TAMS 0x0000000082a00000, 0x0000000082a00000| Untracked 
|  43|0x0000000082b00000, 0x0000000082b00000, 0x0000000082c00000|  0%| F|  |TAMS 0x0000000082b00000, 0x0000000082b00000| Untracked 
|  44|0x0000000082c00000, 0x0000000082c00000, 0x0000000082d00000|  0%| F|  |TAMS 0x0000000082c00000, 0x0000000082c00000| Untracked 
|  45|0x0000000082d00000, 0x0000000082d00000, 0x0000000082e00000|  0%| F|  |TAMS 0x0000000082d00000, 0x0000000082d00000| Untracked 
|  46|0x0000000082e00000, 0x0000000082e00000, 0x0000000082f00000|  0%| F|  |TAMS 0x0000000082e00000, 0x0000000082e00000| Untracked 
|  47|0x0000000082f00000, 0x0000000082f00000, 0x0000000083000000|  0%| F|  |TAMS 0x0000000082f00000, 0x0000000082f00000| Untracked 
|  48|0x0000000083000000, 0x0000000083000000, 0x0000000083100000|  0%| F|  |TAMS 0x0000000083000000, 0x0000000083000000| Untracked 
|  49|0x0000000083100000, 0x0000000083100000, 0x0000000083200000|  0%| F|  |TAMS 0x0000000083100000, 0x0000000083100000| Untracked 
|  50|0x0000000083200000, 0x0000000083200000, 0x0000000083300000|  0%| F|  |TAMS 0x0000000083200000, 0x0000000083200000| Untracked 
|  51|0x0000000083300000, 0x0000000083300000, 0x0000000083400000|  0%| F|  |TAMS 0x0000000083300000, 0x0000000083300000| Untracked 
|  52|0x0000000083400000, 0x0000000083400000, 0x0000000083500000|  0%| F|  |TAMS 0x0000000083400000, 0x0000000083400000| Untracked 
|  53|0x0000000083500000, 0x0000000083500000, 0x0000000083600000|  0%| F|  |TAMS 0x0000000083500000, 0x0000000083500000| Untracked 
|  54|0x0000000083600000, 0x0000000083600000, 0x0000000083700000|  0%| F|  |TAMS 0x0000000083600000, 0x0000000083600000| Untracked 
|  55|0x0000000083700000, 0x0000000083700000, 0x0000000083800000|  0%| F|  |TAMS 0x0000000083700000, 0x0000000083700000| Untracked 
|  56|0x0000000083800000, 0x0000000083800000, 0x0000000083900000|  0%| F|  |TAMS 0x0000000083800000, 0x0000000083800000| Untracked 
|  57|0x0000000083900000, 0x0000000083900000, 0x0000000083a00000|  0%| F|  |TAMS 0x0000000083900000, 0x0000000083900000| Untracked 
|  58|0x0000000083a00000, 0x0000000083a00000, 0x0000000083b00000|  0%| F|  |TAMS 0x0000000083a00000, 0x0000000083a00000| Untracked 
|  59|0x0000000083b00000, 0x0000000083b78280, 0x0000000083c00000| 46%| S|CS|TAMS 0x0000000083b00000, 0x0000000083b00000| Complete 
|  60|0x0000000083c00000, 0x0000000083d00000, 0x0000000083d00000|100%| S|CS|TAMS 0x0000000083c00000, 0x0000000083c00000| Complete 
|  61|0x0000000083d00000, 0x0000000083d00000, 0x0000000083e00000|  0%| F|  |TAMS 0x0000000083d00000, 0x0000000083d00000| Untracked 
|  62|0x0000000083e00000, 0x0000000083e00000, 0x0000000083f00000|  0%| F|  |TAMS 0x0000000083e00000, 0x0000000083e00000| Untracked 
|  63|0x0000000083f00000, 0x0000000083f00000, 0x0000000084000000|  0%| F|  |TAMS 0x0000000083f00000, 0x0000000083f00000| Untracked 
|  64|0x0000000084000000, 0x0000000084000000, 0x0000000084100000|  0%| F|  |TAMS 0x0000000084000000, 0x0000000084000000| Untracked 
|  65|0x0000000084100000, 0x0000000084100000, 0x0000000084200000|  0%| F|  |TAMS 0x0000000084100000, 0x0000000084100000| Untracked 
|  66|0x0000000084200000, 0x0000000084200000, 0x0000000084300000|  0%| F|  |TAMS 0x0000000084200000, 0x0000000084200000| Untracked 
|  67|0x0000000084300000, 0x0000000084300000, 0x0000000084400000|  0%| F|  |TAMS 0x0000000084300000, 0x0000000084300000| Untracked 
|  68|0x0000000084400000, 0x00000000844c5770, 0x0000000084500000| 77%| E|  |TAMS 0x0000000084400000, 0x0000000084400000| Complete 
|  69|0x0000000084500000, 0x0000000084600000, 0x0000000084600000|100%| E|CS|TAMS 0x0000000084500000, 0x0000000084500000| Complete 
|  70|0x0000000084600000, 0x0000000084700000, 0x0000000084700000|100%| E|CS|TAMS 0x0000000084600000, 0x0000000084600000| Complete 
|  71|0x0000000084700000, 0x0000000084800000, 0x0000000084800000|100%| E|CS|TAMS 0x0000000084700000, 0x0000000084700000| Complete 
|  72|0x0000000084800000, 0x0000000084900000, 0x0000000084900000|100%| E|CS|TAMS 0x0000000084800000, 0x0000000084800000| Complete 
|  73|0x0000000084900000, 0x0000000084a00000, 0x0000000084a00000|100%| E|CS|TAMS 0x0000000084900000, 0x0000000084900000| Complete 
|  74|0x0000000084a00000, 0x0000000084b00000, 0x0000000084b00000|100%| E|CS|TAMS 0x0000000084a00000, 0x0000000084a00000| Complete 
|  75|0x0000000084b00000, 0x0000000084c00000, 0x0000000084c00000|100%| E|CS|TAMS 0x0000000084b00000, 0x0000000084b00000| Complete 
| 125|0x0000000087d00000, 0x0000000087e00000, 0x0000000087e00000|100%| E|CS|TAMS 0x0000000087d00000, 0x0000000087d00000| Complete 

Card table byte_map: [0x000002e2e36e0000,0x000002e2e3ae0000] _byte_map_base: 0x000002e2e32e0000

Marking Bits (Prev, Next): (CMBitMap*) 0x000002e2d0b3ae60, (CMBitMap*) 0x000002e2d0b3ae20
 Prev Bits: [0x000002e2e5ee0000, 0x000002e2e7ee0000)
 Next Bits: [0x000002e2e3ee0000, 0x000002e2e5ee0000)

Polling page: 0x000002e2cea60000

Metaspace:

Usage:
  Non-class:     35.97 MB used.
      Class:      5.75 MB used.
       Both:     41.72 MB used.

Virtual space:
  Non-class space:       64.00 MB reserved,      36.19 MB ( 57%) committed,  1 nodes.
      Class space:        1.00 GB reserved,       5.94 MB ( <1%) committed,  1 nodes.
             Both:        1.06 GB reserved,      42.12 MB (  4%) committed. 

Chunk freelists:
   Non-Class:  11.44 MB
       Class:  10.05 MB
        Both:  21.48 MB

MaxMetaspaceSize: unlimited
CompressedClassSpaceSize: 1.00 GB
Initial GC threshold: 21.00 MB
Current GC threshold: 65.62 MB
CDS: off
MetaspaceReclaimPolicy: balanced
 - commit_granule_bytes: 65536.
 - commit_granule_words: 8192.
 - virtual_space_node_default_size: 8388608.
 - enlarge_chunks_in_place: 1.
 - new_chunks_are_fully_committed: 0.
 - uncommit_free_chunks: 1.
 - use_allocation_guard: 0.
 - handle_deallocations: 1.


Internal statistics:

num_allocs_failed_limit: 6.
num_arena_births: 372.
num_arena_deaths: 0.
num_vsnodes_births: 2.
num_vsnodes_deaths: 0.
num_space_committed: 674.
num_space_uncommitted: 0.
num_chunks_returned_to_freelist: 6.
num_chunks_taken_from_freelist: 1674.
num_chunk_merges: 3.
num_chunk_splits: 1092.
num_chunks_enlarged: 773.
num_inconsistent_stats: 0.

CodeHeap 'non-profiled nmethods': size=120000Kb used=1597Kb max_used=1597Kb free=118402Kb
 bounds [0x000002e2dba80000, 0x000002e2dbcf0000, 0x000002e2e2fb0000]
CodeHeap 'profiled nmethods': size=120000Kb used=7584Kb max_used=7584Kb free=112415Kb
 bounds [0x000002e2d3fb0000, 0x000002e2d4720000, 0x000002e2db4e0000]
CodeHeap 'non-nmethods': size=5760Kb used=1596Kb max_used=1656Kb free=4163Kb
 bounds [0x000002e2db4e0000, 0x000002e2db750000, 0x000002e2dba80000]
 total_blobs=4473 nmethods=3809 adapters=576
 compilation: enabled
              stopped_count=0, restarted_count=0
 full_count=0

Compilation events (20 events):
Event: 8.920 Thread 0x000002e2eab10370 nmethod 3820 0x000002e2d46ec810 code [0x000002e2d46ec9a0, 0x000002e2d46ecaa8]
Event: 8.920 Thread 0x000002e2eab10370 3819       2       groovyjarjarantlr4.v4.runtime.atn.ATNConfig::equals (125 bytes)
Event: 8.921 Thread 0x000002e2eab10370 nmethod 3819 0x000002e2d46ecb90 code [0x000002e2d46ecdc0, 0x000002e2d46ed208]
Event: 8.921 Thread 0x000002e2eab10370 3821       2       groovyjarjarantlr4.v4.runtime.misc.ObjectEqualityComparator::equals (20 bytes)
Event: 8.921 Thread 0x000002e2eab10370 nmethod 3821 0x000002e2d46ed410 code [0x000002e2d46ed5c0, 0x000002e2d46ed748]
Event: 8.921 Thread 0x000002e2eab10370 3822       2       groovyjarjarantlr4.v4.runtime.atn.PredictionContextCache$PredictionContextAndInt::equals (70 bytes)
Event: 8.921 Thread 0x000002e2eab10370 nmethod 3822 0x000002e2d46ed810 code [0x000002e2d46ed9c0, 0x000002e2d46edc28]
Event: 8.921 Thread 0x000002e2eab10370 3824       2       groovyjarjarantlr4.v4.runtime.atn.ParserATNSimulator::precedenceTransition (52 bytes)
Event: 8.922 Thread 0x000002e2eab10370 nmethod 3824 0x000002e2d46edd10 code [0x000002e2d46edf00, 0x000002e2d46ee1a8]
Event: 8.922 Thread 0x000002e2eab10370 3825       2       java.util.TimSort::binarySort (223 bytes)
Event: 8.922 Thread 0x000002e2eab10370 nmethod 3825 0x000002e2d46ee390 code [0x000002e2d46ee580, 0x000002e2d46eebf8]
Event: 8.923 Thread 0x000002e2eab10370 3826 %     3       groovyjarjarantlr4.v4.runtime.atn.ParserATNSimulator::closure @ 298 (784 bytes)
Event: 8.926 Thread 0x000002e2eab10370 nmethod 3826% 0x000002e2d46eef10 code [0x000002e2d46ef480, 0x000002e2d46f3498]
Event: 8.927 Thread 0x000002e2eab10370 3828 %     3       groovyjarjarantlr4.v4.runtime.atn.PredictionContext::join @ 170 (569 bytes)
Event: 8.929 Thread 0x000002e2eab10370 nmethod 3828% 0x000002e2d46f4510 code [0x000002e2d46f4ac0, 0x000002e2d46f84e8]
Event: 8.929 Thread 0x000002e2eab10370 3832       2       java.util.HashMap::getNode (150 bytes)
Event: 8.929 Thread 0x000002e2eab10370 nmethod 3832 0x000002e2d46f9410 code [0x000002e2d46f9620, 0x000002e2d46f9b38]
Event: 8.929 Thread 0x000002e2eab10370 3827       2       groovyjarjarantlr4.v4.runtime.misc.IntervalSet::contains (97 bytes)
Event: 8.929 Thread 0x000002e2eab10370 nmethod 3827 0x000002e2d46f9e10 code [0x000002e2d46f9fe0, 0x000002e2d46fa298]
Event: 8.929 Thread 0x000002e2eab10370 3838       3       groovyjarjarantlr4.v4.runtime.atn.ParserATNSimulator::closure (784 bytes)

GC Heap History (20 events):
Event: 3.791 GC heap before
{Heap before GC invocations=2 (full 0):
 garbage-first heap   total 129024K, used 60316K [0x0000000080000000, 0x0000000100000000)
  region size 1024K, 50 young (51200K), 1 survivors (1024K)
 Metaspace       used 21314K, committed 21504K, reserved 1114112K
  class space    used 2514K, committed 2624K, reserved 1048576K
}
Event: 3.800 GC heap after
{Heap after GC invocations=3 (full 0):
 garbage-first heap   total 129024K, used 18741K [0x0000000080000000, 0x0000000100000000)
  region size 1024K, 9 young (9216K), 9 survivors (9216K)
 Metaspace       used 21314K, committed 21504K, reserved 1114112K
  class space    used 2514K, committed 2624K, reserved 1048576K
}
Event: 5.084 GC heap before
{Heap before GC invocations=4 (full 0):
 garbage-first heap   total 71680K, used 51509K [0x0000000080000000, 0x0000000100000000)
  region size 1024K, 42 young (43008K), 9 survivors (9216K)
 Metaspace       used 26596K, committed 26944K, reserved 1114112K
  class space    used 3403K, committed 3584K, reserved 1048576K
}
Event: 5.091 GC heap after
{Heap after GC invocations=5 (full 0):
 garbage-first heap   total 71680K, used 20863K [0x0000000080000000, 0x0000000100000000)
  region size 1024K, 2 young (2048K), 2 survivors (2048K)
 Metaspace       used 26596K, committed 26944K, reserved 1114112K
  class space    used 3403K, committed 3584K, reserved 1048576K
}
Event: 5.116 GC heap before
{Heap before GC invocations=5 (full 0):
 garbage-first heap   total 71680K, used 21887K [0x0000000080000000, 0x0000000100000000)
  region size 1024K, 3 young (3072K), 2 survivors (2048K)
 Metaspace       used 26724K, committed 27008K, reserved 1114112K
  class space    used 3430K, committed 3584K, reserved 1048576K
}
Event: 5.119 GC heap after
{Heap after GC invocations=6 (full 0):
 garbage-first heap   total 71680K, used 21035K [0x0000000080000000, 0x0000000100000000)
  region size 1024K, 1 young (1024K), 1 survivors (1024K)
 Metaspace       used 26724K, committed 27008K, reserved 1114112K
  class space    used 3430K, committed 3584K, reserved 1048576K
}
Event: 5.796 GC heap before
{Heap before GC invocations=6 (full 0):
 garbage-first heap   total 71680K, used 49707K [0x0000000080000000, 0x0000000100000000)
  region size 1024K, 29 young (29696K), 1 survivors (1024K)
 Metaspace       used 30564K, committed 30848K, reserved 1114112K
  class space    used 4096K, committed 4224K, reserved 1048576K
}
Event: 5.798 GC heap after
{Heap after GC invocations=7 (full 0):
 garbage-first heap   total 71680K, used 22546K [0x0000000080000000, 0x0000000100000000)
  region size 1024K, 2 young (2048K), 2 survivors (2048K)
 Metaspace       used 30564K, committed 30848K, reserved 1114112K
  class space    used 4096K, committed 4224K, reserved 1048576K
}
Event: 7.439 GC heap before
{Heap before GC invocations=7 (full 0):
 garbage-first heap   total 71680K, used 37906K [0x0000000080000000, 0x0000000100000000)
  region size 1024K, 11 young (11264K), 2 survivors (2048K)
 Metaspace       used 31369K, committed 31680K, reserved 1114112K
  class space    used 4238K, committed 4352K, reserved 1048576K
}
Event: 7.442 GC heap after
{Heap after GC invocations=8 (full 0):
 garbage-first heap   total 71680K, used 33193K [0x0000000080000000, 0x0000000100000000)
  region size 1024K, 4 young (4096K), 4 survivors (4096K)
 Metaspace       used 31369K, committed 31680K, reserved 1114112K
  class space    used 4238K, committed 4352K, reserved 1048576K
}
Event: 7.832 GC heap before
{Heap before GC invocations=8 (full 0):
 garbage-first heap   total 71680K, used 56745K [0x0000000080000000, 0x0000000100000000)
  region size 1024K, 25 young (25600K), 4 survivors (4096K)
 Metaspace       used 33832K, committed 34240K, reserved 1114112K
  class space    used 4620K, committed 4800K, reserved 1048576K
}
Event: 7.835 GC heap after
{Heap after GC invocations=9 (full 0):
 garbage-first heap   total 71680K, used 38830K [0x0000000080000000, 0x0000000100000000)
  region size 1024K, 3 young (3072K), 3 survivors (3072K)
 Metaspace       used 33832K, committed 34240K, reserved 1114112K
  class space    used 4620K, committed 4800K, reserved 1048576K
}
Event: 8.091 GC heap before
{Heap before GC invocations=9 (full 0):
 garbage-first heap   total 71680K, used 52142K [0x0000000080000000, 0x0000000100000000)
  region size 1024K, 17 young (17408K), 3 survivors (3072K)
 Metaspace       used 35619K, committed 35968K, reserved 1114112K
  class space    used 4891K, committed 5056K, reserved 1048576K
}
Event: 8.093 GC heap after
{Heap after GC invocations=10 (full 0):
 garbage-first heap   total 71680K, used 39555K [0x0000000080000000, 0x0000000100000000)
  region size 1024K, 1 young (1024K), 1 survivors (1024K)
 Metaspace       used 35619K, committed 35968K, reserved 1114112K
  class space    used 4891K, committed 5056K, reserved 1048576K
}
Event: 8.397 GC heap before
{Heap before GC invocations=11 (full 0):
 garbage-first heap   total 71680K, used 56963K [0x0000000080000000, 0x0000000100000000)
  region size 1024K, 19 young (19456K), 1 survivors (1024K)
 Metaspace       used 38588K, committed 38976K, reserved 1114112K
  class space    used 5315K, committed 5504K, reserved 1048576K
}
Event: 8.400 GC heap after
{Heap after GC invocations=12 (full 0):
 garbage-first heap   total 71680K, used 40153K [0x0000000080000000, 0x0000000100000000)
  region size 1024K, 2 young (2048K), 2 survivors (2048K)
 Metaspace       used 38588K, committed 38976K, reserved 1114112K
  class space    used 5315K, committed 5504K, reserved 1048576K
}
Event: 8.618 GC heap before
{Heap before GC invocations=12 (full 0):
 garbage-first heap   total 71680K, used 57561K [0x0000000080000000, 0x0000000100000000)
  region size 1024K, 20 young (20480K), 2 survivors (2048K)
 Metaspace       used 39972K, committed 40320K, reserved 1114112K
  class space    used 5423K, committed 5568K, reserved 1048576K
}
Event: 8.621 GC heap after
{Heap after GC invocations=13 (full 0):
 garbage-first heap   total 71680K, used 42456K [0x0000000080000000, 0x0000000100000000)
  region size 1024K, 3 young (3072K), 3 survivors (3072K)
 Metaspace       used 39972K, committed 40320K, reserved 1114112K
  class space    used 5423K, committed 5568K, reserved 1048576K
}
Event: 8.845 GC heap before
{Heap before GC invocations=14 (full 0):
 garbage-first heap   total 78848K, used 57816K [0x0000000080000000, 0x0000000100000000)
  region size 1024K, 19 young (19456K), 3 survivors (3072K)
 Metaspace       used 42180K, committed 42624K, reserved 1114112K
  class space    used 5836K, committed 6016K, reserved 1048576K
}
Event: 8.849 GC heap after
{Heap after GC invocations=15 (full 0):
 garbage-first heap   total 78848K, used 43173K [0x0000000080000000, 0x0000000100000000)
  region size 1024K, 2 young (2048K), 2 survivors (2048K)
 Metaspace       used 42180K, committed 42624K, reserved 1114112K
  class space    used 5836K, committed 6016K, reserved 1048576K
}

Dll operation events (3 events):
Event: 0.017 Loaded shared library D:\Tool\Android\Android Studio\jbr\bin\java.dll
Event: 0.249 Loaded shared library D:\Tool\Android\Android Studio\jbr\bin\zip.dll
Event: 0.790 Loaded shared library D:\Tool\Android\Android Studio\jbr\bin\verify.dll

Deoptimization events (20 events):
Event: 8.485 Thread 0x000002e2f0801480 DEOPT PACKING pc=0x000002e2d4647cbe sp=0x000000ebbaff7970
Event: 8.485 Thread 0x000002e2f0801480 DEOPT UNPACKING pc=0x000002e2db537143 sp=0x000000ebbaff6e10 mode 0
Event: 8.485 Thread 0x000002e2f0801480 DEOPT PACKING pc=0x000002e2d464879e sp=0x000000ebbaff78f0
Event: 8.485 Thread 0x000002e2f0801480 DEOPT UNPACKING pc=0x000002e2db537143 sp=0x000000ebbaff6d88 mode 0
Event: 8.554 Thread 0x000002e2f0801480 DEOPT PACKING pc=0x000002e2d466f1f9 sp=0x000000ebbaff72e0
Event: 8.554 Thread 0x000002e2f0801480 DEOPT UNPACKING pc=0x000002e2db537143 sp=0x000000ebbaff67a0 mode 0
Event: 8.554 Thread 0x000002e2f0801480 DEOPT PACKING pc=0x000002e2d466ea20 sp=0x000000ebbaff7270
Event: 8.554 Thread 0x000002e2f0801480 DEOPT UNPACKING pc=0x000002e2db537143 sp=0x000000ebbaff6718 mode 0
Event: 8.565 Thread 0x000002e2f0801480 DEOPT PACKING pc=0x000002e2d4674810 sp=0x000000ebbaff77b0
Event: 8.565 Thread 0x000002e2f0801480 DEOPT UNPACKING pc=0x000002e2db537143 sp=0x000000ebbaff6cc8 mode 0
Event: 8.880 Thread 0x000002e2f0801480 DEOPT PACKING pc=0x000002e2d46ca2cc sp=0x000000ebbaff7d30
Event: 8.880 Thread 0x000002e2f0801480 DEOPT UNPACKING pc=0x000002e2db537143 sp=0x000000ebbaff7230 mode 0
Event: 8.880 Thread 0x000002e2f0801480 DEOPT PACKING pc=0x000002e2d46cb514 sp=0x000000ebbaff7e20
Event: 8.880 Thread 0x000002e2f0801480 DEOPT UNPACKING pc=0x000002e2db537143 sp=0x000000ebbaff7328 mode 0
Event: 8.927 Thread 0x000002e2f0801480 Uncommon trap: trap_request=0xffffff45 fr.pc=0x000002e2dbc00a04 relative=0x0000000000000264
Event: 8.927 Thread 0x000002e2f0801480 Uncommon trap: reason=unstable_if action=reinterpret pc=0x000002e2dbc00a04 method=java.util.HashMap.getNode(Ljava/lang/Object;)Ljava/util/HashMap$Node; @ 85 c2
Event: 8.927 Thread 0x000002e2f0801480 DEOPT PACKING pc=0x000002e2dbc00a04 sp=0x000000ebbaff76d0
Event: 8.927 Thread 0x000002e2f0801480 DEOPT UNPACKING pc=0x000002e2db5369a3 sp=0x000000ebbaff7640 mode 2
Event: 8.931 Thread 0x000002e2f0801480 DEOPT PACKING pc=0x000002e2d46da7a6 sp=0x000000ebbaff53d0
Event: 8.931 Thread 0x000002e2f0801480 DEOPT UNPACKING pc=0x000002e2db537143 sp=0x000000ebbaff4908 mode 0

Classes unloaded (0 events):
No events

Classes redefined (0 events):
No events

Internal exceptions (20 events):
Event: 7.522 Thread 0x000002e2f0801480 Exception <a 'java/lang/NoSuchMethodError'{0x0000000084833498}: static Lorg/gradle/tooling/internal/consumer/versioning/VersionDetails$R44VersionDetails;.<clinit>()V> (0x0000000084833498) 
thrown [s\src\hotspot\share\prims\jni.cpp, line 1108]
Event: 7.522 Thread 0x000002e2f0801480 Exception <a 'java/lang/NoSuchMethodError'{0x0000000084834aa0}: static Lorg/gradle/tooling/internal/consumer/versioning/VersionDetails$R48VersionDetails;.<clinit>()V> (0x0000000084834aa0) 
thrown [s\src\hotspot\share\prims\jni.cpp, line 1108]
Event: 7.522 Thread 0x000002e2f0801480 Exception <a 'java/lang/NoSuchMethodError'{0x0000000084835f48}: static Lorg/gradle/tooling/internal/consumer/versioning/VersionDetails$R51VersionDetails;.<clinit>()V> (0x0000000084835f48) 
thrown [s\src\hotspot\share\prims\jni.cpp, line 1108]
Event: 7.551 Thread 0x000002e2f0801480 Exception <a 'java/lang/NoSuchMethodError'{0x0000000084760e18}: 'java.lang.Object java.lang.invoke.DirectMethodHandle$Holder.newInvokeSpecial(java.lang.Object, java.lang.Object, int)'> (0x0000000084760e18) 
thrown [s\src\hotspot\share\interpreter\linkResolver.cpp, line 771]
Event: 7.757 Thread 0x000002e2f0801480 Exception <a 'java/lang/NoSuchMethodError'{0x0000000083025440}: 'java.lang.Object java.lang.invoke.DirectMethodHandle$Holder.invokeSpecialIFC(java.lang.Object, java.lang.Object, java.lang.Object, java.lang.Object)'> (0x0000000083025440) 
thrown [s\src\hotspot\share\interpreter\linkResolver.cpp, line 771]
Event: 7.767 Thread 0x000002e2f0801480 Exception <a 'java/lang/NoSuchMethodError'{0x00000000830a7368}: 'java.lang.Object java.lang.invoke.DirectMethodHandle$Holder.newInvokeSpecial(java.lang.Object, java.lang.Object, java.lang.Object, java.lang.Object, java.lang.Object, java.lang.Object, java.lang.Object, java.lang.Object, java.lang.Object, java.lang.Object)'> (0x00000000830a7368) 
thrown [s\src\hotspot\share\interpreter\linkResolver.cpp, line 771]
Event: 7.767 Thread 0x000002e2f0801480 Exception <a 'java/lang/NoSuchMethodError'{0x00000000830ac4f8}: 'java.lang.Object java.lang.invoke.Invokers$Holder.linkToTargetMethod(java.lang.Object, java.lang.Object, java.lang.Object, java.lang.Object, java.lang.Object, java.lang.Object, java.lang.Object, java.lang.Object, java.lang.Object, java.lang.Object)'> (0x00000000830ac4f8) 
thrown [s\src\hotspot\share\interpreter\linkResolver.cpp, line 771]
Event: 7.775 Thread 0x000002e2f0801480 Exception <a 'java/lang/NoSuchMethodError'{0x0000000082f22e90}: 'java.lang.Object java.lang.invoke.DirectMethodHandle$Holder.newInvokeSpecial(java.lang.Object, java.lang.Object, java.lang.Object, java.lang.Object, java.lang.Object, java.lang.Object, java.lang.Object, java.lang.Object, java.lang.Object, java.lang.Object, java.lang.Object)'> (0x0000000082f22e90) 
thrown [s\src\hotspot\share\interpreter\linkResolver.cpp, line 771]
Event: 7.776 Thread 0x000002e2f0801480 Exception <a 'java/lang/NoSuchMethodError'{0x0000000082f28c70}: 'java.lang.Object java.lang.invoke.DirectMethodHandle$Holder.invokeSpecial(java.lang.Object, java.lang.Object, java.lang.Object, java.lang.Object, java.lang.Object, java.lang.Object, java.lang.Object, java.lang.Object, java.lang.Object, java.lang.Object, java.lang.Object, java.lang.Object)'> (0x0000000082f28c70) 
thrown [s\src\hotspot\share\interpreter\linkResolver.cpp, line 771]
Event: 7.776 Thread 0x000002e2f0801480 Exception <a 'java/lang/NoSuchMethodError'{0x0000000082f2e5b0}: 'java.lang.Object java.lang.invoke.Invokers$Holder.linkToTargetMethod(java.lang.Object, java.lang.Object, java.lang.Object, java.lang.Object, java.lang.Object, java.lang.Object, java.lang.Object, java.lang.Object, java.lang.Object, java.lang.Object, java.lang.Object)'> (0x0000000082f2e5b0) 
thrown [s\src\hotspot\share\interpreter\linkResolver.cpp, line 771]
Event: 7.791 Thread 0x000002e2f0801480 Exception <a 'java/lang/NoSuchMethodError'{0x0000000082fd1d48}: 'java.lang.Object java.lang.invoke.DirectMethodHandle$Holder.invokeStaticInit(java.lang.Object, java.lang.Object, java.lang.Object, java.lang.Object)'> (0x0000000082fd1d48) 
thrown [s\src\hotspot\share\interpreter\linkResolver.cpp, line 771]
Event: 7.874 Thread 0x000002e2f0801480 Implicit null exception at 0x000002e2dbaeb30f to 0x000002e2dbaeb88c
Event: 8.146 Thread 0x000002e2f0801480 Exception <a 'java/lang/NoSuchMethodError'{0x0000000084a49fc8}: 'java.lang.Object java.lang.invoke.DirectMethodHandle$Holder.newInvokeSpecial(java.lang.Object, java.lang.Object, java.lang.Object, java.lang.Object, java.lang.Object, java.lang.Object, java.lang.Object, java.lang.Object)'> (0x0000000084a49fc8) 
thrown [s\src\hotspot\share\interpreter\linkResolver.cpp, line 771]
Event: 8.146 Thread 0x000002e2f0801480 Exception <a 'java/lang/NoSuchMethodError'{0x0000000084a4ff20}: 'java.lang.Object java.lang.invoke.DirectMethodHandle$Holder.invokeSpecial(java.lang.Object, java.lang.Object, java.lang.Object, java.lang.Object, java.lang.Object, java.lang.Object, java.lang.Object, java.lang.Object, java.lang.Object)'> (0x0000000084a4ff20) 
thrown [s\src\hotspot\share\interpreter\linkResolver.cpp, line 771]
Event: 8.146 Thread 0x000002e2f0801480 Exception <a 'java/lang/NoSuchMethodError'{0x0000000084a55ce0}: 'java.lang.Object java.lang.invoke.Invokers$Holder.linkToTargetMethod(java.lang.Object, java.lang.Object, java.lang.Object, java.lang.Object, java.lang.Object, java.lang.Object, java.lang.Object, java.lang.Object)'> (0x0000000084a55ce0) 
thrown [s\src\hotspot\share\interpreter\linkResolver.cpp, line 771]
Event: 8.371 Thread 0x000002e2f0801480 Exception <a 'java/lang/NoSuchMethodError'{0x0000000083497360}: 'void java.lang.invoke.DirectMethodHandle$Holder.invokeStaticInit(java.lang.Object, java.lang.Object, java.lang.Object)'> (0x0000000083497360) 
thrown [s\src\hotspot\share\interpreter\linkResolver.cpp, line 771]
Event: 8.372 Thread 0x000002e2f0801480 Exception <a 'java/lang/NoSuchMethodError'{0x00000000834a4d18}: 'void java.lang.invoke.DirectMethodHandle$Holder.invokeStaticInit(java.lang.Object, java.lang.Object, java.lang.Object, java.lang.Object)'> (0x00000000834a4d18) 
thrown [s\src\hotspot\share\interpreter\linkResolver.cpp, line 771]
Event: 8.375 Thread 0x000002e2f0801480 Exception <a 'java/lang/NoSuchMethodError'{0x00000000834c7210}: 'void java.lang.invoke.DirectMethodHandle$Holder.invokeStaticInit(java.lang.Object, java.lang.Object, java.lang.Object, java.lang.Object, java.lang.Object)'> (0x00000000834c7210) 
thrown [s\src\hotspot\share\interpreter\linkResolver.cpp, line 771]
Event: 8.659 Thread 0x000002e2f0801480 Exception <a 'java/lang/NoSuchMethodError'{0x00000000849cd5b0}: 'void java.lang.invoke.DirectMethodHandle$Holder.invokeVirtual(java.lang.Object, java.lang.Object)'> (0x00000000849cd5b0) 
thrown [s\src\hotspot\share\interpreter\linkResolver.cpp, line 771]
Event: 8.667 Thread 0x000002e2f0801480 Exception <a 'java/lang/NoSuchMethodError'{0x000000008481f250}: 'void java.lang.invoke.DirectMethodHandle$Holder.invokeStatic(java.lang.Object, java.lang.Object, java.lang.Object, java.lang.Object, java.lang.Object, java.lang.Object)'> (0x000000008481f250) 
thrown [s\src\hotspot\share\interpreter\linkResolver.cpp, line 771]

VM Operations (20 events):
Event: 8.449 Executing VM operation: HandshakeAllThreads
Event: 8.449 Executing VM operation: HandshakeAllThreads done
Event: 8.455 Executing VM operation: HandshakeAllThreads
Event: 8.455 Executing VM operation: HandshakeAllThreads done
Event: 8.539 Executing VM operation: HandshakeAllThreads
Event: 8.539 Executing VM operation: HandshakeAllThreads done
Event: 8.618 Executing VM operation: G1CollectForAllocation
Event: 8.622 Executing VM operation: G1CollectForAllocation done
Event: 8.646 Executing VM operation: G1PauseRemark
Event: 8.648 Executing VM operation: G1PauseRemark done
Event: 8.657 Executing VM operation: G1PauseCleanup
Event: 8.657 Executing VM operation: G1PauseCleanup done
Event: 8.780 Executing VM operation: HandshakeAllThreads
Event: 8.781 Executing VM operation: HandshakeAllThreads done
Event: 8.845 Executing VM operation: G1CollectForAllocation
Event: 8.849 Executing VM operation: G1CollectForAllocation done
Event: 8.880 Executing VM operation: HandshakeAllThreads
Event: 8.880 Executing VM operation: HandshakeAllThreads done
Event: 8.918 Executing VM operation: HandshakeAllThreads
Event: 8.918 Executing VM operation: HandshakeAllThreads done

Events (20 events):
Event: 8.654 loading class java/util/WeakHashMap$HashIterator done
Event: 8.654 loading class java/util/WeakHashMap$KeyIterator done
Event: 8.742 loading class java/lang/Byte$ByteCache
Event: 8.743 loading class java/lang/Byte$ByteCache done
Event: 8.754 loading class java/util/EmptyStackException
Event: 8.754 loading class java/util/EmptyStackException done
Event: 8.758 loading class java/util/DualPivotQuicksort
Event: 8.759 loading class java/util/DualPivotQuicksort done
Event: 8.760 loading class java/io/InvalidClassException
Event: 8.760 loading class java/io/InvalidClassException done
Event: 8.780 loading class java/util/ArrayList$ListItr
Event: 8.780 loading class java/util/ArrayList$ListItr done
Event: 8.793 loading class java/util/BitSet
Event: 8.794 loading class java/util/BitSet done
Event: 8.801 loading class java/util/concurrent/locks/ReentrantReadWriteLock$FairSync
Event: 8.801 loading class java/util/concurrent/locks/ReentrantReadWriteLock$FairSync done
Event: 8.884 loading class java/util/concurrent/atomic/AtomicIntegerArray
Event: 8.885 loading class java/util/concurrent/atomic/AtomicIntegerArray done
Event: 8.885 loading class java/lang/invoke/VarHandleInts$Array
Event: 8.885 loading class java/lang/invoke/VarHandleInts$Array done


Dynamic libraries:
0x00007ff7238b0000 - 0x00007ff7238ba000 	D:\Tool\Android\Android Studio\jbr\bin\java.exe
0x00007ffd53cf0000 - 0x00007ffd53f07000 	C:\WINDOWS\SYSTEM32\ntdll.dll
0x00007ffd52810000 - 0x00007ffd528d4000 	C:\WINDOWS\System32\KERNEL32.DLL
0x00007ffd51010000 - 0x00007ffd513b7000 	C:\WINDOWS\System32\KERNELBASE.dll
0x00007ffd51600000 - 0x00007ffd51711000 	C:\WINDOWS\System32\ucrtbase.dll
0x00007ffd48f10000 - 0x00007ffd48f27000 	D:\Tool\Android\Android Studio\jbr\bin\jli.dll
0x00007ffd33810000 - 0x00007ffd3382b000 	D:\Tool\Android\Android Studio\jbr\bin\VCRUNTIME140.dll
0x00007ffd52d10000 - 0x00007ffd52ebe000 	C:\WINDOWS\System32\USER32.dll
0x00007ffd2e2e0000 - 0x00007ffd2e573000 	C:\WINDOWS\WinSxS\amd64_microsoft.windows.common-controls_6595b64144ccf1df_6.0.22621.3527_none_270e469b73872a76\COMCTL32.dll
0x00007ffd51460000 - 0x00007ffd51486000 	C:\WINDOWS\System32\win32u.dll
0x00007ffd52380000 - 0x00007ffd52427000 	C:\WINDOWS\System32\msvcrt.dll
0x00007ffd52a00000 - 0x00007ffd52a29000 	C:\WINDOWS\System32\GDI32.dll
0x00007ffd51900000 - 0x00007ffd51a19000 	C:\WINDOWS\System32\gdi32full.dll
0x00007ffd513c0000 - 0x00007ffd5145a000 	C:\WINDOWS\System32\msvcp_win.dll
0x00007ffd525a0000 - 0x00007ffd525d1000 	C:\WINDOWS\System32\IMM32.DLL
0x00007ffd49130000 - 0x00007ffd4913c000 	D:\Tool\Android\Android Studio\jbr\bin\vcruntime140_1.dll
0x00007ffcff7c0000 - 0x00007ffcff84d000 	D:\Tool\Android\Android Studio\jbr\bin\msvcp140.dll
0x00007ffceb400000 - 0x00007ffcec083000 	D:\Tool\Android\Android Studio\jbr\bin\server\jvm.dll
0x00007ffd53750000 - 0x00007ffd53802000 	C:\WINDOWS\System32\ADVAPI32.dll
0x00007ffd52c00000 - 0x00007ffd52ca8000 	C:\WINDOWS\System32\sechost.dll
0x00007ffd51720000 - 0x00007ffd51748000 	C:\WINDOWS\System32\bcrypt.dll
0x00007ffd528e0000 - 0x00007ffd529f5000 	C:\WINDOWS\System32\RPCRT4.dll
0x00007ffd4c470000 - 0x00007ffd4c479000 	C:\WINDOWS\SYSTEM32\WSOCK32.dll
0x00007ffd522a0000 - 0x00007ffd52311000 	C:\WINDOWS\System32\WS2_32.dll
0x00007ffd48e50000 - 0x00007ffd48e84000 	C:\WINDOWS\SYSTEM32\WINMM.dll
0x00007ffd50ed0000 - 0x00007ffd50f1d000 	C:\WINDOWS\SYSTEM32\POWRPROF.dll
0x00007ffd496d0000 - 0x00007ffd496da000 	C:\WINDOWS\SYSTEM32\VERSION.dll
0x00007ffd50e00000 - 0x00007ffd50e13000 	C:\WINDOWS\SYSTEM32\UMPDC.dll
0x00007ffd50030000 - 0x00007ffd50048000 	C:\WINDOWS\SYSTEM32\kernel.appcore.dll
0x00007ffd4c460000 - 0x00007ffd4c46a000 	D:\Tool\Android\Android Studio\jbr\bin\jimage.dll
0x00007ffd4e9f0000 - 0x00007ffd4ec22000 	C:\WINDOWS\SYSTEM32\DBGHELP.DLL
0x00007ffd53810000 - 0x00007ffd53b98000 	C:\WINDOWS\System32\combase.dll
0x00007ffd52b20000 - 0x00007ffd52bf7000 	C:\WINDOWS\System32\OLEAUT32.dll
0x00007ffd2d630000 - 0x00007ffd2d662000 	C:\WINDOWS\SYSTEM32\dbgcore.DLL
0x00007ffd51750000 - 0x00007ffd517c9000 	C:\WINDOWS\System32\bcryptPrimitives.dll
0x00007ffd4a860000 - 0x00007ffd4a86e000 	D:\Tool\Android\Android Studio\jbr\bin\instrument.dll
0x00007ffd4c290000 - 0x00007ffd4c2b5000 	D:\Tool\Android\Android Studio\jbr\bin\java.dll
0x00007ffd48fb0000 - 0x00007ffd48fc8000 	D:\Tool\Android\Android Studio\jbr\bin\zip.dll
0x00007ffd51a40000 - 0x00007ffd5229c000 	C:\WINDOWS\System32\SHELL32.dll
0x00007ffd4ef50000 - 0x00007ffd4f846000 	C:\WINDOWS\SYSTEM32\windows.storage.dll
0x00007ffd4ee10000 - 0x00007ffd4ef4e000 	C:\WINDOWS\SYSTEM32\wintypes.dll
0x00007ffd53bb0000 - 0x00007ffd53ca5000 	C:\WINDOWS\System32\SHCORE.dll
0x00007ffd52cb0000 - 0x00007ffd52d0e000 	C:\WINDOWS\System32\shlwapi.dll
0x00007ffd50f40000 - 0x00007ffd50f61000 	C:\WINDOWS\SYSTEM32\profapi.dll
0x00007ffd48f90000 - 0x00007ffd48fa9000 	D:\Tool\Android\Android Studio\jbr\bin\net.dll
0x00007ffd49a20000 - 0x00007ffd49b56000 	C:\WINDOWS\SYSTEM32\WINHTTP.dll
0x00007ffd504a0000 - 0x00007ffd50509000 	C:\WINDOWS\system32\mswsock.dll
0x00007ffd48f70000 - 0x00007ffd48f86000 	D:\Tool\Android\Android Studio\jbr\bin\nio.dll
0x00007ffd4a900000 - 0x00007ffd4a910000 	D:\Tool\Android\Android Studio\jbr\bin\verify.dll
0x00007ffd35dd0000 - 0x00007ffd35df7000 	C:\Users\HP\.gradle\native\c067742578af261105cb4f569cf0c3c89f3d7b1fecec35dd04571415982c5e48\windows-amd64\native-platform.dll
0x00007ffcfa550000 - 0x00007ffcfa694000 	C:\Users\HP\.gradle\native\38dada09dfb8b06ba9b0570ebf7e218e3eb74d4ef43ca46872605cf95ebc2f47\windows-amd64\native-platform-file-events.dll
0x00007ffd4c400000 - 0x00007ffd4c409000 	D:\Tool\Android\Android Studio\jbr\bin\management.dll
0x00007ffd4c3d0000 - 0x00007ffd4c3db000 	D:\Tool\Android\Android Studio\jbr\bin\management_ext.dll
0x00007ffd53ba0000 - 0x00007ffd53ba8000 	C:\WINDOWS\System32\PSAPI.DLL
0x00007ffd50710000 - 0x00007ffd5072b000 	C:\WINDOWS\SYSTEM32\CRYPTSP.dll
0x00007ffd4ff90000 - 0x00007ffd4ffc5000 	C:\WINDOWS\system32\rsaenh.dll
0x00007ffd505a0000 - 0x00007ffd505c8000 	C:\WINDOWS\SYSTEM32\USERENV.dll
0x00007ffd50700000 - 0x00007ffd5070c000 	C:\WINDOWS\SYSTEM32\CRYPTBASE.dll
0x00007ffd4fab0000 - 0x00007ffd4fadd000 	C:\WINDOWS\SYSTEM32\IPHLPAPI.DLL
0x00007ffd52590000 - 0x00007ffd52599000 	C:\WINDOWS\System32\NSI.dll
0x00007ffd49fc0000 - 0x00007ffd49fd9000 	C:\WINDOWS\SYSTEM32\dhcpcsvc6.DLL
0x00007ffd49700000 - 0x00007ffd4971f000 	C:\WINDOWS\SYSTEM32\dhcpcsvc.DLL
0x00007ffd4fb20000 - 0x00007ffd4fc18000 	C:\WINDOWS\SYSTEM32\DNSAPI.dll
0x00007ffd19840000 - 0x00007ffd19848000 	C:\WINDOWS\system32\wshunix.dll

dbghelp: loaded successfully - version: 4.0.5 - missing functions: none
symbol engine: initialized successfully - sym options: 0x614 - pdb path: .;D:\Tool\Android\Android Studio\jbr\bin;C:\WINDOWS\SYSTEM32;C:\WINDOWS\WinSxS\amd64_microsoft.windows.common-controls_6595b64144ccf1df_6.0.22621.3527_none_270e469b73872a76;D:\Tool\Android\Android Studio\jbr\bin\server;C:\Users\HP\.gradle\native\c067742578af261105cb4f569cf0c3c89f3d7b1fecec35dd04571415982c5e48\windows-amd64;C:\Users\HP\.gradle\native\38dada09dfb8b06ba9b0570ebf7e218e3eb74d4ef43ca46872605cf95ebc2f47\windows-amd64

VM Arguments:
jvm_args: --add-opens=java.base/java.util=ALL-UNNAMED --add-opens=java.base/java.lang=ALL-UNNAMED --add-opens=java.base/java.lang.invoke=ALL-UNNAMED --add-opens=java.prefs/java.util.prefs=ALL-UNNAMED --add-opens=java.base/java.nio.charset=ALL-UNNAMED --add-opens=java.base/java.net=ALL-UNNAMED --add-opens=java.base/java.util.concurrent.atomic=ALL-UNNAMED -Xmx2048m -Dfile.encoding=UTF-8 -Duser.country=US -Duser.language=en -Duser.variant -javaagent:C:\Users\HP\.gradle\wrapper\dists\gradle-8.6-bin\afr5mpiioh2wthjmwnkmdsd5w\gradle-8.6\lib\agents\gradle-instrumentation-agent-8.6.jar 
java_command: org.gradle.launcher.daemon.bootstrap.GradleDaemon 8.6
java_class_path (initial): C:\Users\HP\.gradle\wrapper\dists\gradle-8.6-bin\afr5mpiioh2wthjmwnkmdsd5w\gradle-8.6\lib\gradle-launcher-8.6.jar
Launcher Type: SUN_STANDARD

[Global flags]
     intx CICompilerCount                          = 4                                         {product} {ergonomic}
     uint ConcGCThreads                            = 2                                         {product} {ergonomic}
     uint G1ConcRefinementThreads                  = 8                                         {product} {ergonomic}
   size_t G1HeapRegionSize                         = 1048576                                   {product} {ergonomic}
    uintx GCDrainStackTargetSize                   = 64                                        {product} {ergonomic}
   size_t InitialHeapSize                          = 132120576                                 {product} {ergonomic}
   size_t MarkStackSize                            = 4194304                                   {product} {ergonomic}
   size_t MaxHeapSize                              = 2147483648                                {product} {command line}
   size_t MaxNewSize                               = 1287651328                                {product} {ergonomic}
   size_t MinHeapDeltaBytes                        = 1048576                                   {product} {ergonomic}
   size_t MinHeapSize                              = 8388608                                   {product} {ergonomic}
    uintx NonNMethodCodeHeapSize                   = 5839372                                {pd product} {ergonomic}
    uintx NonProfiledCodeHeapSize                  = 122909434                              {pd product} {ergonomic}
    uintx ProfiledCodeHeapSize                     = 122909434                              {pd product} {ergonomic}
    uintx ReservedCodeCacheSize                    = 251658240                              {pd product} {ergonomic}
     bool SegmentedCodeCache                       = true                                      {product} {ergonomic}
   size_t SoftMaxHeapSize                          = 2147483648                             {manageable} {ergonomic}
     bool UseCompressedClassPointers               = true                           {product lp64_product} {ergonomic}
     bool UseCompressedOops                        = true                           {product lp64_product} {ergonomic}
     bool UseG1GC                                  = true                                      {product} {ergonomic}
     bool UseLargePagesIndividualAllocation        = false                                  {pd product} {ergonomic}

Logging:
Log output configuration:
 #0: stdout all=warning uptime,level,tags
 #1: stderr all=off uptime,level,tags

Environment Variables:
JAVA_HOME=C:\Program Files\Java\jdk-21
PATH=C:\Program Files (x86)\Razer Chroma SDK\bin;C:\Program Files\Razer Chroma SDK\bin;C:\Program Files (x86)\Razer\ChromaBroadcast\bin;C:\Program Files\Razer\ChromaBroadcast\bin;C:\Program Files\Common Files\Oracle\Java\javapath;C:\Program Files (x86)\Common Files\Oracle\Java\java8path;C:\Program Files (x86)\Common Files\Oracle\Java\javapath;C:\Program Files (x86)\Common Files\Intel\Shared Libraries\redist\intel64\compiler;C:\WINDOWS\system32;C:\WINDOWS;C:\WINDOWS\System32\Wbem;C:\WINDOWS\System32\WindowsPowerShell\v1.0\;C:\WINDOWS\System32\OpenSSH\;C:\Program Files\Microsoft SQL Server\130\Tools\Binn\;C:\Program Files\Java\jdk-17.0.1\bin;C:\Users\HP\AppData\Local\Programs\Python\Python39\Scripts\;C:\Users\HP\AppData\Local\Programs\Python\Python39\;C:\Users\HP\AppData\Local\Microsoft\WindowsApps;D:\VisualCode\Microsoft VS Code\bin;D:\Microsoft VS Code\bin;D:\Tool\Git\cmd;C:\Program Files (x86)\Microsoft SQL Server\160\Tools\Binn\;C:\Program Files\Microsoft SQL Server\160\Tools\Binn\;C:\Program Files\Microsoft SQL Server\Client SDK\ODBC\170\Tools\Binn\;C:\Program Files\Microsoft SQL Server\160\DTS\Binn\;C:\Program Files (x86)\Microsoft SQL Server\160\DTS\Binn\;C:\Program Files\Azure Data Studio\bin;C:\WINDOWS\system32\config\systemprofile\AppData\Local\Microsoft\WindowsApps;C:\WINDOWS\system32;C:\WINDOWS;C:\WINDOWS\System32\Wbem;C:\WINDOWS\System32\WindowsPowerShell\v1.0\;C:\WINDOWS\System32\OpenSSH\;C:\Program Files\HP\HP One Agent;D:\Tool\nodejs\;C:\Users\HP\AppData\Local\Programs\Python\Python39\Scripts\;C:\Users\HP\AppData\Local\Programs\Python\Python39\;C:\Users\HP\AppData\Local\Microsoft\WindowsApps;D:\VisualCode\Microsoft VS Code\bin;C:\Program Files\Azure Data Studio\bin;C:\Users\HP\AppData\Local\Programs\oh-my-posh\bin;D:\IntelliJ IDEA 2023.2.5\bin;;C:\Users\HP\AppData\Roaming\npm
USERNAME=HP
OS=Windows_NT
PROCESSOR_IDENTIFIER=Intel64 Family 6 Model 142 Stepping 12, GenuineIntel
TMP=C:\Users\HP\AppData\Local\Temp
TEMP=C:\Users\HP\AppData\Local\Temp



Periodic native trim disabled

JNI global refs:
JNI global refs: 25, weak refs: 24

JNI global refs memory usage: 843, weak refs: 841

OOME stack traces (most recent first):
Classloader memory used:
Loader org.gradle.internal.classloader.VisitableURLClassLoader                         : 2619K
Loader bootstrap                                                                       : 2075K
Loader org.gradle.initialization.MixInLegacyTypesClassLoader                           : 499K
Loader org.gradle.internal.classloader.VisitableURLClassLoader                         : 54445B
Loader jdk.internal.loader.ClassLoaders$PlatformClassLoader                            : 51224B
Loader jdk.internal.loader.ClassLoaders$AppClassLoader                                 : 28729B
Loader jdk.internal.reflect.DelegatingClassLoader                                      : 21588B

Classes loaded by more than one classloader:
Class org.gradle.api.GradleException                                                  : loaded 3 times (x 80B)
Class org.gradle.util.GradleVersion                                                   : loaded 2 times (x 81B)
Class org.gradle.internal.classpath.ClassPath                                         : loaded 2 times (x 68B)
Class org.gradle.api.internal.classpath.DefaultModuleRegistry                         : loaded 2 times (x 84B)
Class org.gradle.internal.exceptions.NonGradleCauseExceptionsHolder                   : loaded 2 times (x 68B)
Class org.gradle.api.Action                                                           : loaded 2 times (x 68B)
Class org.gradle.api.internal.DefaultClassPathProvider                                : loaded 2 times (x 74B)
Class org.gradle.internal.installation.GradleInstallation$1                           : loaded 2 times (x 73B)
Class org.gradle.internal.exceptions.DefaultMultiCauseException                       : loaded 2 times (x 89B)
Class org.gradle.internal.time.MonotonicClock                                         : loaded 2 times (x 75B)
Class org.gradle.internal.classloader.FilteringClassLoader                            : loaded 2 times (x 103B)
Class org.gradle.internal.classpath.DefaultClassPath$ImmutableUniqueList$Builder      : loaded 2 times (x 73B)
Class org.gradle.internal.classloader.ClassLoaderVisitor                              : loaded 2 times (x 74B)
Class org.gradle.internal.time.DefaultCountdownTimer                                  : loaded 2 times (x 86B)
Class org.gradle.internal.service.DefaultServiceLocator                               : loaded 2 times (x 81B)
Class org.gradle.internal.service.UnknownServiceException                             : loaded 2 times (x 81B)
Class org.gradle.internal.classloader.DefaultClassLoaderFactory                       : loaded 2 times (x 80B)
Class org.gradle.internal.classloader.VisitableURLClassLoader$Spec                    : loaded 2 times (x 72B)
Class org.gradle.tooling.model.ProjectModel                                           : loaded 2 times (x 68B)
Class org.gradle.internal.installation.GradleInstallation                             : loaded 2 times (x 73B)
Class org.gradle.api.internal.classpath.ModuleRegistry                                : loaded 2 times (x 68B)
Class org.gradle.api.internal.ClassPathProvider                                       : loaded 2 times (x 68B)
Class org.gradle.internal.classloader.ClasspathUtil$1                                 : loaded 2 times (x 74B)
Class org.gradle.internal.classloader.ClassLoaderFactory                              : loaded 2 times (x 68B)
Class org.gradle.api.internal.classpath.ManifestUtil                                  : loaded 2 times (x 69B)
Class org.gradle.api.specs.Spec                                                       : loaded 2 times (x 68B)
Class org.gradle.internal.IoActions                                                   : loaded 2 times (x 69B)
Class org.gradle.api.internal.classpath.EffectiveClassPath                            : loaded 2 times (x 88B)
Class org.gradle.internal.installation.CurrentGradleInstallation                      : loaded 2 times (x 71B)
Class org.gradle.internal.agents.InstrumentingClassLoader                             : loaded 2 times (x 68B)
Class org.gradle.internal.installation.CurrentGradleInstallationLocator               : loaded 2 times (x 69B)
Class org.gradle.api.internal.classpath.Module                                        : loaded 2 times (x 68B)
Class org.gradle.internal.service.CachingServiceLocator                               : loaded 2 times (x 80B)
Class org.gradle.internal.time.Timer                                                  : loaded 2 times (x 68B)
Class org.gradle.internal.classpath.DefaultClassPath                                  : loaded 2 times (x 88B)
Class org.gradle.internal.time.Time                                                   : loaded 2 times (x 69B)
Class org.gradle.internal.time.TimeSource$1                                           : loaded 2 times (x 75B)
Class org.gradle.internal.classloader.SystemClassLoaderSpec                           : loaded 2 times (x 69B)
Class kotlin.Function                                                                 : loaded 2 times (x 68B)
Class org.gradle.api.UncheckedIOException                                             : loaded 2 times (x 80B)
Class org.gradle.internal.time.CountdownTimer                                         : loaded 2 times (x 68B)
Class org.gradle.internal.time.Clock                                                  : loaded 2 times (x 68B)
Class org.gradle.internal.classloader.ClasspathUtil                                   : loaded 2 times (x 69B)
Class org.gradle.api.internal.DefaultClassPathRegistry                                : loaded 2 times (x 74B)
Class org.gradle.api.internal.classpath.DefaultModuleRegistry$DefaultModule           : loaded 2 times (x 84B)
Class org.gradle.internal.time.TimeSource                                             : loaded 2 times (x 68B)
Class org.gradle.api.internal.classpath.UnknownModuleException                        : loaded 2 times (x 80B)
Class org.gradle.internal.service.ServiceLookupException                              : loaded 2 times (x 80B)
Class org.gradle.cache.GlobalCache                                                    : loaded 2 times (x 68B)
Class [Lorg.gradle.api.internal.ClassPathProvider;                                    : loaded 2 times (x 67B)
Class org.gradle.internal.operations.MultipleBuildOperationFailures                   : loaded 2 times (x 89B)
Class org.gradle.util.internal.GUtil                                                  : loaded 2 times (x 69B)
Class org.gradle.internal.classloader.ClassLoaderSpec                                 : loaded 2 times (x 69B)
Class org.gradle.internal.classloader.VisitableURLClassLoader                         : loaded 2 times (x 115B)
Class org.gradle.internal.Cast                                                        : loaded 2 times (x 69B)
Class org.gradle.api.internal.ClassPathRegistry                                       : loaded 2 times (x 68B)
Class org.gradle.internal.classloader.VisitableURLClassLoader$InstrumentingVisitableURLClassLoader: loaded 2 times (x 121B)
Class org.gradle.internal.classloader.ClassLoaderHierarchy                            : loaded 2 times (x 68B)
Class org.gradle.internal.exceptions.MultiCauseException                              : loaded 2 times (x 68B)
Class org.gradle.internal.InternalTransformer                                         : loaded 2 times (x 68B)
Class org.gradle.internal.service.ServiceLocator                                      : loaded 2 times (x 68B)
Class org.gradle.internal.classpath.DefaultClassPath$ImmutableUniqueList              : loaded 2 times (x 159B)
Class org.gradle.internal.time.DefaultTimer                                           : loaded 2 times (x 78B)
Class org.gradle.internal.classpath.TransformedClassPath                              : loaded 2 times (x 94B)


---------------  S Y S T E M  ---------------

OS:
 Windows 11 , 64 bit Build 22621 (10.0.22621.3527)
OS uptime: 0 days 5:09 hours

CPU: total 8 (initial active 8) (4 cores per cpu, 2 threads per core) family 6 model 142 stepping 12 microcode 0xec, cx8, cmov, fxsr, ht, mmx, 3dnowpref, sse, sse2, sse3, ssse3, sse4.1, sse4.2, popcnt, lzcnt, tsc, tscinvbit, avx, avx2, aes, erms, clmul, bmi1, bmi2, adx, fma, vzeroupper, clflush, clflushopt
Processor Information for all 8 processors :
  Max Mhz: 2112, Current Mhz: 1609, Mhz Limit: 1605

Memory: 4k page, system-wide physical 8014M (352M free)
TotalPageFile size 18103M (AvailPageFile size 5M)
current process WorkingSet (physical memory assigned to process): 219M, peak: 219M
current process commit charge ("private bytes"): 257M, peak: 260M

vm_info: OpenJDK 64-Bit Server VM (17.0.9+0--11185874) for windows-amd64 JRE (17.0.9+0--11185874), built on Dec  6 2023 18:57:44 by "androidbuild" with MS VC++ 16.10 / 16.11 (VS2019)

END.
